{
  "stats": {
    "suites": 1,
    "tests": 1,
    "passes": 1,
    "pending": 0,
    "failures": 0,
    "start": "2024-01-10T11:38:57.405Z",
    "end": "2024-01-10T11:38:58.046Z",
    "duration": 641,
    "testsRegistered": 1,
    "passPercent": 100,
    "pendingPercent": 0,
    "other": 0,
    "hasOther": false,
    "skipped": 0,
    "hasSkipped": false
  },
  "results": [
    {
      "uuid": "98ebdbac-8133-43ff-92c2-f81d84aa78c0",
      "title": "",
      "fullFile": "cypress/e2e/money-history.cy.ts",
      "file": "cypress/e2e/money-history.cy.ts",
      "beforeHooks": [],
      "afterHooks": [],
      "tests": [],
      "suites": [
        {
          "uuid": "c0e6250f-fe4b-4791-85a9-915d99ae7c4f",
          "title": "Money history",
          "fullFile": "",
          "file": "",
          "beforeHooks": [],
          "afterHooks": [],
          "tests": [
            {
              "title": "should display the money history of the user",
              "fullTitle": "Money history should display the money history of the user",
              "timedOut": null,
              "duration": 619,
              "state": "passed",
              "speed": "fast",
              "pass": true,
              "fail": false,
              "pending": false,
              "context": null,
              "code": "storeUserInLocalStorage();\ncy.visit('/users/money/history');\ncy.wait('@history');\ncy.get('h1').should('contain', 'Money history');\ncy.get('canvas').should('exist');",
              "err": {},
              "uuid": "b5af16ec-3091-4ff8-8739-7f080d45edcb",
              "parentUUID": "c0e6250f-fe4b-4791-85a9-915d99ae7c4f",
              "isHook": false,
              "skipped": false
            }
          ],
          "suites": [],
          "passes": [
            "b5af16ec-3091-4ff8-8739-7f080d45edcb"
          ],
          "failures": [],
          "pending": [],
          "skipped": [],
          "duration": 619,
          "root": false,
          "rootEmpty": false,
          "_timeout": 2000
        }
      ],
      "passes": [],
      "failures": [],
      "pending": [],
      "skipped": [],
      "duration": 0,
      "root": true,
      "rootEmpty": true,
      "_timeout": 2000
    }
  ],
  "meta": {
    "mocha": {
      "version": "7.0.1"
    },
    "mochawesome": {
      "options": {
        "quiet": false,
        "reportFilename": "mochawesome",
        "saveHtml": false,
        "saveJson": true,
        "consoleReporter": "spec",
        "useInlineDiffs": false,
        "code": true
      },
      "version": "7.1.3"
    },
    "marge": {
      "options": {
        "reportDir": "results/mochawesome",
        "overwrite": false,
        "html": false,
        "json": true
      },
      "version": "6.2.0"
    }
  }
}